android/build/intermediates/manifest_merge_blame_file/debug/manifest-merger-blame-debug-report.txt
1<?xml version="1.0" encoding="utf-8"?>
2<manifest xmlns:android="http://schemas.android.com/apk/res/android"
3    xmlns:dist="http://schemas.android.com/apk/distribution"
4    package="com.Transform.Transformpixeldungeon.indev"
5    android:installLocation="auto"
6    android:targetSandboxVersion="2"
7    android:versionCode="1001"
8    android:versionName="0.2.7fix5-INDEV" > <!-- We perform a runtime check to ensure controllers are disabled on API 14 & 15 -->
9    <uses-sdk
9-->src\main\AndroidManifest.xml:16:2-72
10        android:minSdkVersion="14"
11        android:targetSdkVersion="34" />
12
13    <dist:module dist:instant="true" />
13-->src\main\AndroidManifest.xml:8:2-37
13-->src\main\AndroidManifest.xml:8:15-34
14
15    <uses-feature
15-->src\main\AndroidManifest.xml:9:2-50
16        android:glEsVersion="0x00020000"
16-->src\main\AndroidManifest.xml:9:16-48
17        android:required="true" />
17-->[com.badlogicgames.gdx:gdx-backend-android:1.12.1] AndroidManifest.xml:11:9-32
18
19    <uses-permission android:name="android.permission.VIBRATE" />
19-->src\main\AndroidManifest.xml:11:2-63
19-->src\main\AndroidManifest.xml:11:19-60
20    <uses-permission android:name="android.permission.INTERNET" />
20-->src\main\AndroidManifest.xml:12:2-64
20-->src\main\AndroidManifest.xml:12:19-61
21    <uses-permission android:name="android.permission.ACCESS_NETWORK_STATE" />
21-->src\main\AndroidManifest.xml:13:2-76
21-->src\main\AndroidManifest.xml:13:19-73
22
23    <!--
24         Note that the game doesn't truly support small screen resolutions,
25		it instead forces downscaling to work on these displays.
26    -->
27    <supports-screens
27-->src\main\AndroidManifest.xml:20:2-24:33
28        android:largeScreens="true"
28-->src\main\AndroidManifest.xml:23:3-30
29        android:normalScreens="true"
29-->src\main\AndroidManifest.xml:22:3-31
30        android:smallScreens="true"
30-->src\main\AndroidManifest.xml:21:3-30
31        android:xlargeScreens="true" />
31-->src\main\AndroidManifest.xml:24:3-31
32
33    <application
34        android:allowBackup="true"
34-->src\main\AndroidManifest.xml:34:6-32
35        android:appCategory="game"
35-->src\main\AndroidManifest.xml:31:6-32
36        android:backupAgent="com.shatteredpixel.shatteredpixeldungeon.android.AndroidBackupHandler"
36-->src\main\AndroidManifest.xml:36:6-49
37        android:debuggable="true"
38        android:extractNativeLibs="true"
39        android:fullBackupOnly="true"
39-->src\main\AndroidManifest.xml:35:6-35
40        android:icon="@mipmap/ic_launcher"
40-->src\main\AndroidManifest.xml:27:3-37
41        android:isGame="true"
41-->src\main\AndroidManifest.xml:32:3-24
42        android:label="蜕变地牢"
42-->src\main\AndroidManifest.xml:29:6-32
43        android:resizeableActivity="true"
43-->src\main\AndroidManifest.xml:33:6-39
44        android:testOnly="true"
45        android:theme="@android:style/Theme.Black.NoTitleBar" >
45-->src\main\AndroidManifest.xml:30:6-59
46        <activity
46-->src\main\AndroidManifest.xml:37:5-46:16
47            android:name="com.shatteredpixel.shatteredpixeldungeon.android.AndroidLauncher"
47-->src\main\AndroidManifest.xml:38:9-40
48            android:configChanges="keyboard|keyboardHidden|orientation|screenSize|screenLayout|smallestScreenSize"
48-->src\main\AndroidManifest.xml:40:9-111
49            android:exported="true"
49-->src\main\AndroidManifest.xml:41:9-32
50            android:screenOrientation="nosensor" >
50-->src\main\AndroidManifest.xml:39:9-45
51            <intent-filter>
51-->src\main\AndroidManifest.xml:42:9-45:25
52                <action android:name="android.intent.action.MAIN" />
52-->src\main\AndroidManifest.xml:43:13-65
52-->src\main\AndroidManifest.xml:43:21-62
53
54                <category android:name="android.intent.category.LAUNCHER" />
54-->src\main\AndroidManifest.xml:44:13-73
54-->src\main\AndroidManifest.xml:44:23-70
55            </intent-filter>
56        </activity>
57        <activity android:name="com.shatteredpixel.shatteredpixeldungeon.android.AndroidMissingNativesHandler" >
57-->src\main\AndroidManifest.xml:47:5-49:16
57-->src\main\AndroidManifest.xml:48:9-53
58        </activity>
59        <activity
59-->[cat.ereza:customactivityoncrash:2.2.0] AndroidManifest.xml:12:9-14:49
60            android:name="cat.ereza.customactivityoncrash.activity.DefaultErrorActivity"
60-->[cat.ereza:customactivityoncrash:2.2.0] AndroidManifest.xml:13:13-89
61            android:process=":error_activity" />
61-->[cat.ereza:customactivityoncrash:2.2.0] AndroidManifest.xml:14:13-46
62
63        <provider
63-->[cat.ereza:customactivityoncrash:2.2.0] AndroidManifest.xml:16:9-20:39
64            android:name="cat.ereza.customactivityoncrash.provider.CaocInitProvider"
64-->[cat.ereza:customactivityoncrash:2.2.0] AndroidManifest.xml:17:13-85
65            android:authorities="com.Transform.Transformpixeldungeon.indev.customactivityoncrashinitprovider"
65-->[cat.ereza:customactivityoncrash:2.2.0] AndroidManifest.xml:18:13-85
66            android:exported="false"
66-->[cat.ereza:customactivityoncrash:2.2.0] AndroidManifest.xml:19:13-37
67            android:initOrder="101" />
67-->[cat.ereza:customactivityoncrash:2.2.0] AndroidManifest.xml:20:13-36
68
69        <meta-data
69-->[android.arch.lifecycle:runtime:1.0.0] AndroidManifest.xml:25:9-27:47
70            android:name="android.arch.lifecycle.VERSION"
70-->[android.arch.lifecycle:runtime:1.0.0] AndroidManifest.xml:26:13-58
71            android:value="27.0.0-SNAPSHOT" />
71-->[android.arch.lifecycle:runtime:1.0.0] AndroidManifest.xml:27:13-44
72    </application>
73
74</manifest>